2026-02-07 21:22:54,863 - db_helper - INFO - fetch_expenses_for_date called with 2024-08-01
2026-02-07 21:22:55,359 - db_helper - INFO - fetch_expense_summary called with start: 2024-08-01 end: 2024-08-05
2026-02-07 23:13:44,028 - db_helper - INFO - fetch_expenses_for_date called with 2024-08-01
2026-02-07 23:14:22,512 - db_helper - INFO - fetch_expenses_for_date called with 2024-08-03
2026-02-07 23:14:27,925 - db_helper - INFO - fetch_expenses_for_date called with 2024-08-17
2026-02-07 23:14:37,221 - db_helper - INFO - fetch_expenses_for_date called with 2024-08-02
2026-02-07 23:14:50,499 - db_helper - INFO - fetch_expenses_for_date called with 2024-08-01
2026-02-08 00:22:49,193 - db_helper - INFO - fetch_expenses_for_date called with 2024-08-01
2026-02-08 17:59:25,058 - db_helper - INFO - fetch_expenses_for_date called with 2024-08-01
2026-02-08 17:59:33,127 - db_helper - INFO - fetch_expenses_for_date called with 2024-08-01
2026-02-08 17:59:35,221 - db_helper - INFO - fetch_expense_summary called with start: 2024-08-01 end: 2024-08-05
2026-02-08 18:02:12,968 - db_helper - INFO - fetch_expenses_for_date called with 2024-08-01
2026-02-08 18:02:19,763 - db_helper - INFO - fetch_expenses_for_date called with 2024-08-01
2026-02-08 18:02:21,864 - db_helper - INFO - fetch_expense_summary called with start: 2024-08-01 end: 2024-08-05
2026-02-08 18:27:53,693 - db_helper - INFO - fetch_expenses_for_date called with 2024-08-01
2026-02-08 18:28:01,486 - db_helper - INFO - fetch_expenses_for_date called with 2024-08-01
2026-02-08 18:28:03,578 - db_helper - INFO - fetch_expense_summary called with start: 2024-08-01 end: 2024-08-05
2026-02-08 18:57:41,964 - db_helper - INFO - fetch_expenses_for_date called with 2024-08-01
2026-02-08 18:57:48,591 - db_helper - INFO - fetch_expenses_for_date called with 2024-08-01
2026-02-08 18:57:50,691 - db_helper - INFO - fetch_expense_summary called with start: 2024-08-01 end: 2024-08-05
2026-02-08 18:57:57,731 - db_helper - INFO - fetch_expenses_for_date called with 2024-08-01
2026-02-08 18:58:07,074 - db_helper - INFO - fetch_expenses_for_date called with 2024-08-01
2026-02-08 18:58:08,148 - db_helper - INFO - fetch_expenses_for_date called with 2024-08-01
2026-02-08 18:58:19,475 - db_helper - INFO - fetch_expenses_for_date called with 2024-08-01
2026-02-08 18:58:24,443 - db_helper - INFO - fetch_expenses_for_date called with 2024-08-01
2026-02-08 19:09:30,116 - db_helper - INFO - fetch_expenses_for_date called with 2024-08-01
2026-02-08 19:09:35,730 - db_helper - INFO - fetch_expenses_for_date called with 2024-08-01
2026-02-08 19:09:37,832 - db_helper - INFO - fetch_expense_summary called with start: 2024-08-01 end: 2024-08-05
2026-02-08 19:09:42,536 - db_helper - INFO - fetch_expenses_for_date called with 2024-08-01
2026-02-08 20:33:47,406 - db_helper - INFO - fetch_expenses_for_date called with 2024-08-01
2026-02-08 20:33:53,046 - db_helper - INFO - fetch_expenses_for_date called with 2024-08-01
2026-02-08 20:34:44,917 - db_helper - INFO - fetch_expenses_for_date called with 2024-08-01
2026-02-08 20:34:47,000 - db_helper - INFO - fetch_expense_summary called with start: 2024-08-01 end: 2024-08-05
2026-02-08 20:34:53,891 - db_helper - INFO - fetch_expenses_for_date called with 2024-08-01
2026-02-08 20:35:04,848 - db_helper - INFO - fetch_expenses_for_date called with 2024-08-01
2026-02-08 20:35:11,561 - db_helper - INFO - fetch_expenses_for_date called with 2024-08-01
2026-02-08 20:48:42,036 - db_helper - INFO - fetch_expenses_for_date called with 2024-08-01
2026-02-08 20:49:32,219 - db_helper - INFO - fetch_expenses_for_date called with 2024-08-02
2026-02-08 20:49:38,206 - db_helper - INFO - fetch_expenses_for_date called with 2024-08-02
2026-02-08 20:49:50,148 - db_helper - INFO - fetch_expenses_for_date called with 2024-08-02
2026-02-08 20:49:52,258 - db_helper - INFO - fetch_expense_summary called with start: 2024-08-01 end: 2024-08-05
2026-02-08 20:49:58,218 - db_helper - INFO - fetch_expenses_for_date called with 2024-08-02
2026-02-08 20:50:07,093 - db_helper - INFO - fetch_expenses_for_date called with 2024-08-02
2026-02-08 20:50:08,197 - db_helper - INFO - fetch_expenses_for_date called with 2024-08-02
2026-02-08 20:50:17,537 - db_helper - INFO - fetch_expenses_for_date called with 2024-08-02
2026-02-08 20:50:18,556 - db_helper - INFO - fetch_expenses_for_date called with 2024-08-02
2026-02-08 20:50:52,592 - db_helper - INFO - fetch_expenses_for_date called with 2024-08-02
2026-02-08 20:50:54,675 - db_helper - INFO - fetch_expense_summary called with start: 2024-08-01 end: 2024-08-05
2026-02-08 21:05:08,977 - db_helper - INFO - Fetching expenses for 2026-02-08
2026-02-08 21:05:18,584 - db_helper - INFO - Fetching expenses for 2026-02-03
2026-02-08 21:05:22,745 - db_helper - INFO - Fetching expenses for 2026-02-03
2026-02-08 21:05:29,346 - db_helper - INFO - Fetching expenses for 2026-02-03
2026-02-08 21:07:55,733 - db_helper - INFO - Fetching expenses for 2026-02-08
2026-02-08 21:09:02,027 - db_helper - INFO - Fetching expenses for 2024-08-01
2026-02-08 21:09:09,122 - db_helper - INFO - Fetching expenses for 2024-08-01
2026-02-08 21:09:11,208 - db_helper - INFO - Deleting expenses for 2024-08-01
2026-02-08 21:09:14,219 - db_helper - INFO - Fetching expenses for 2024-08-01
2026-02-08 21:09:20,930 - db_helper - INFO - Fetching expenses for 2024-08-01
2026-02-08 21:09:27,376 - db_helper - INFO - Fetching expenses for 2024-08-01
2026-02-08 21:09:28,043 - db_helper - INFO - Fetching expenses for 2024-08-01
2026-02-08 21:09:34,758 - db_helper - INFO - Fetching expenses for 2024-08-01
2026-02-08 21:09:35,354 - db_helper - INFO - Fetching expenses for 2024-08-01
2026-02-08 21:09:41,864 - db_helper - INFO - Fetching expenses for 2024-08-01
2026-02-08 21:09:42,555 - db_helper - INFO - Fetching expenses for 2024-08-01
2026-02-08 21:11:44,608 - db_helper - INFO - Fetching expenses for 2024-08-01
2026-02-08 21:11:50,564 - db_helper - INFO - Fetching expenses for 2024-08-01
2026-02-08 21:14:11,430 - db_helper - INFO - Fetching expenses for 2024-08-01
2026-02-08 22:01:14,316 - db_helper - INFO - Fetching expenses for 2024-08-01
2026-02-08 22:07:35,513 - db_helper - INFO - Fetching expenses for 2024-08-01
2026-02-08 22:07:47,367 - db_helper - INFO - Fetching expenses for 2024-08-01
2026-02-08 22:08:05,615 - db_helper - INFO - Fetching expenses for 2024-08-01
2026-02-08 22:08:21,481 - db_helper - INFO - Fetching expenses for 2024-08-17
2026-02-08 22:08:28,751 - db_helper - INFO - Fetching expenses for 2024-08-30
2026-02-08 22:08:38,673 - db_helper - INFO - Fetching expenses for 2024-08-30
2026-02-08 22:08:40,736 - db_helper - INFO - Deleting expenses for 2024-08-30
2026-02-08 22:08:40,759 - db_helper - INFO - Inserting expense: 2024-08-30, 1340.0, Rent
2026-02-08 22:08:40,795 - db_helper - INFO - Inserting expense: 2024-08-30, 300.0, Food
2026-02-08 22:08:40,806 - db_helper - INFO - Inserting expense: 2024-08-30, 1200.0, Rent
2026-02-08 22:08:40,818 - db_helper - INFO - Inserting expense: 2024-08-30, 300.0, Food
2026-02-08 22:08:40,829 - db_helper - INFO - Inserting expense: 2024-08-30, 20.0, Shopping
2026-02-08 22:08:51,590 - db_helper - INFO - Fetching expenses for 2024-08-08
2026-02-08 22:09:44,881 - db_helper - INFO - Fetching expenses for 2024-08-08
2026-02-08 22:09:51,903 - db_helper - INFO - Fetching expenses for 2024-08-15
2026-02-08 22:10:00,729 - db_helper - INFO - Fetching expenses for 2024-08-01
2026-02-08 22:10:06,079 - db_helper - INFO - Fetching expenses for 2024-08-01
2026-02-08 22:10:15,489 - db_helper - INFO - Fetching expenses for 2024-08-01
2026-02-08 22:10:16,751 - db_helper - INFO - Fetching expenses for 2024-08-01
2026-02-08 22:10:24,349 - db_helper - INFO - Fetching expenses for 2024-08-01
2026-02-08 22:13:49,632 - db_helper - INFO - Fetching expenses for 2024-08-30
2026-02-08 22:13:58,159 - db_helper - INFO - Fetching expenses for 2024-08-15
2026-02-08 22:17:25,738 - db_helper - INFO - Fetching expenses for 2024-08-01
2026-02-08 22:17:30,903 - db_helper - INFO - Fetching expenses for 2024-08-02
2026-02-08 22:17:37,748 - db_helper - INFO - Fetching expenses for 2024-08-01
2026-02-08 22:17:43,477 - db_helper - INFO - Fetching expenses for 2024-08-09
2026-02-08 22:17:48,804 - db_helper - INFO - Fetching expenses for 2024-08-23
2026-02-08 22:17:53,352 - db_helper - INFO - Fetching expenses for 2024-08-10
2026-02-08 22:17:57,770 - db_helper - INFO - Fetching expenses for 2024-08-29
2026-02-08 22:18:03,213 - db_helper - INFO - Fetching expenses for 2024-08-02
2026-02-08 22:18:11,088 - db_helper - INFO - Fetching expenses for 2024-09-12
2026-02-08 22:18:23,091 - db_helper - INFO - Fetching expenses for 2024-09-12
2026-02-08 22:18:23,927 - db_helper - INFO - Fetching expenses for 2024-09-12
2026-02-08 22:21:12,824 - db_helper - INFO - Fetching expenses for 2026-02-08
2026-02-08 22:23:06,947 - db_helper - INFO - Fetching expenses for 2026-02-08
2026-02-08 22:26:29,502 - db_helper - INFO - Fetching expenses for 2026-01-01
2026-02-08 22:27:01,045 - db_helper - INFO - Fetching expenses for 2024-08-01
2026-02-08 22:27:06,499 - db_helper - INFO - Fetching expenses for 2024-08-02
2026-02-08 22:27:11,480 - db_helper - INFO - Fetching expenses for 2024-08-03
2026-02-08 22:27:16,925 - db_helper - INFO - Fetching expenses for 2024-08-03
2026-02-08 22:27:26,423 - db_helper - INFO - Fetching expenses for 2024-08-03
2026-02-08 22:27:38,536 - db_helper - INFO - Fetching expenses for 2024-08-01
2026-02-08 22:27:48,281 - db_helper - INFO - Fetching expenses for 2024-08-13
2026-02-08 22:27:53,616 - db_helper - INFO - Fetching expenses for 2024-08-01
2026-02-08 22:27:58,382 - db_helper - INFO - Fetching expenses for 2024-08-02
2026-02-08 22:28:02,766 - db_helper - INFO - Fetching expenses for 2024-08-03
2026-02-08 22:28:13,074 - db_helper - INFO - Fetching expenses for 2024-08-24
2026-02-08 22:30:27,851 - db_helper - INFO - Fetching expenses for 2024-08-07
2026-02-08 22:34:50,666 - db_helper - INFO - Fetching expenses for 2024-08-07
2026-02-08 22:35:07,507 - db_helper - INFO - Fetching expenses for 2024-08-01
2026-02-08 22:35:12,818 - db_helper - INFO - Fetching expenses for 2024-08-02
2026-02-08 22:35:17,447 - db_helper - INFO - Fetching expenses for 2024-08-03
2026-02-08 22:35:23,346 - db_helper - INFO - Fetching expenses for 2024-08-03
2026-02-08 22:35:35,524 - db_helper - INFO - Fetching expenses for 2024-08-03
2026-02-08 22:37:44,729 - db_helper - INFO - Fetching expenses for 2026-02-08
2026-02-08 22:37:49,128 - db_helper - INFO - Fetching expenses for 2026-02-08
2026-02-08 22:37:56,509 - db_helper - INFO - Fetching expenses for 2026-02-08
2026-02-08 22:38:04,512 - db_helper - INFO - Fetching expenses for 2026-02-08
2026-02-08 22:38:06,581 - db_helper - INFO - Deleting expenses for 2026-02-08
2026-02-08 22:38:10,452 - db_helper - INFO - Fetching expenses for 2026-02-01
2026-02-08 22:38:32,823 - db_helper - INFO - Fetching expenses for 2024-08-01
2026-02-08 22:38:41,362 - db_helper - INFO - Fetching expenses for 2024-08-02
2026-02-08 22:38:45,893 - db_helper - INFO - Fetching expenses for 2024-08-01
2026-02-08 22:38:51,631 - db_helper - INFO - Fetching expenses for 2024-08-15
2026-02-08 22:38:56,080 - db_helper - INFO - Fetching expenses for 2024-08-01
2026-02-08 22:39:10,264 - db_helper - INFO - Fetching expenses for 2024-08-01
2026-02-08 22:39:18,045 - db_helper - INFO - Fetching expenses for 2024-08-01
2026-02-08 22:39:30,310 - db_helper - INFO - Fetching expenses for 2024-08-01
2026-02-08 22:42:32,114 - db_helper - INFO - Fetching expenses for 2024-08-01
2026-02-09 19:05:22,986 - db_helper - INFO - Fetching expenses for 2024-08-01
2026-02-09 19:05:36,247 - db_helper - INFO - Fetching expenses for 2024-08-01
2026-02-09 19:05:43,647 - db_helper - INFO - Fetching expenses for 2024-08-01
2026-02-09 19:05:55,871 - db_helper - INFO - Fetching expenses for 2024-08-01
2026-02-09 19:06:09,129 - db_helper - INFO - Fetching expenses for 2024-08-02
2026-02-09 19:06:14,853 - db_helper - INFO - Fetching expenses for 2024-08-03
2026-02-09 19:06:19,996 - db_helper - INFO - Fetching expenses for 2024-08-01
2026-02-09 19:06:24,882 - db_helper - INFO - Fetching expenses for 2024-08-17
2026-02-09 19:06:30,810 - db_helper - INFO - Fetching expenses for 2024-08-23
2026-02-09 19:06:36,066 - db_helper - INFO - Fetching expenses for 2024-08-31
2026-02-09 19:06:41,884 - db_helper - INFO - Fetching expenses for 2024-08-03
2026-02-09 19:06:46,050 - db_helper - INFO - Fetching expenses for 2024-08-04
2026-02-09 19:06:50,916 - db_helper - INFO - Fetching expenses for 2024-08-05
2026-02-09 19:06:55,316 - db_helper - INFO - Fetching expenses for 2024-08-07
2026-02-09 19:07:00,250 - db_helper - INFO - Fetching expenses for 2024-08-10
2026-02-09 19:07:07,259 - db_helper - INFO - Fetching expenses for 2024-09-02
